<?xml version="1.0" encoding="UTF-8"?>
<!-- Generated by org.testng.reporters.JUnitXMLReporter -->
<testsuite ignored="1" hostname="DESKTOP-B93LFTT" failures="0" tests="3" name="Default test" time="53.531" errors="0" timestamp="2022-11-06T12:38:45 IST">
  <testcase classname="TestCases.HomePageTest" name="verifydresssummerbtnTest" time="3.179"/>
  <testcase classname="TestCases.HomePageTest" name="verifytshirtcatgbtnTest" time="2.83"/>
  <testcase classname="TestCases.HomePageTest" name="verifywomenTshirtbtnTest" time="2.793"/>
  <testcase classname="TestCases.HomePageTest" name="verifywomenevendressbtnTest" time="0.0">
    <ignored/>
  </testcase> <!-- verifywomenevendressbtnTest -->
</testsuite> <!-- Default test -->
