<?xml version="1.0" encoding="UTF-8"?>
<!-- Generated by org.testng.reporters.JUnitXMLReporter -->
<testsuite ignored="0" hostname="DESKTOP-B93LFTT" failures="0" tests="5" name="Test" time="82.699" errors="0" timestamp="2022-11-06T13:06:58 IST">
  <testcase classname="TestCases.HomePageTest" name="verifydresssummerbtnTest" time="2.73"/>
  <testcase classname="TestCases.HomePageTest" name="verifytshirtcatgbtnTest" time="2.445"/>
  <testcase classname="TestCases.HomePageTest" name="verifywomenTshirtbtnTest" time="2.902"/>
  <testcase classname="TestCases.HomePageTest" name="verifywomenevendressbtnTest" time="3.346"/>
  <testcase classname="TestCases.LoginPageTest" name="verifyloginfunctionalityTest" time="4.497"/>
</testsuite> <!-- Test -->
