<?xml version="1.0" encoding="UTF-8"?>
<testng-results ignored="0" total="5" passed="5" failed="0" skipped="0">
  <reporter-output>
  </reporter-output>
  <suite started-at="2022-11-06T13:05:35 IST" name="Suite" finished-at="2022-11-06T13:06:58 IST" duration-ms="82699">
    <groups>
    </groups>
    <test started-at="2022-11-06T13:05:35 IST" name="Test" finished-at="2022-11-06T13:06:58 IST" duration-ms="82699">
      <class name="TestCases.HomePageTest">
        <test-method is-config="true" signature="setup()[pri:0, instance:TestCases.HomePageTest@7ea9e1e2]" started-at="2022-11-06T13:05:35 IST" name="setup" finished-at="2022-11-06T13:05:51 IST" duration-ms="15477" status="PASS">
          <reporter-output>
          </reporter-output>
        </test-method> <!-- setup -->
        <test-method signature="verifydresssummerbtnTest()[pri:0, instance:TestCases.HomePageTest@7ea9e1e2]" started-at="2022-11-06T13:05:51 IST" name="verifydresssummerbtnTest" finished-at="2022-11-06T13:05:53 IST" duration-ms="2730" status="PASS">
          <reporter-output>
          </reporter-output>
        </test-method> <!-- verifydresssummerbtnTest -->
        <test-method is-config="true" signature="exit(org.testng.ITestResult)[pri:0, instance:TestCases.HomePageTest@7ea9e1e2]" started-at="2022-11-06T13:05:53 IST" name="exit" finished-at="2022-11-06T13:05:54 IST" duration-ms="220" status="PASS">
          <params>
            <param index="0">
              <value>
                <![CDATA[[TestResult name=verifydresssummerbtnTest status=SUCCESS method=HomePageTest.verifydresssummerbtnTest()[pri:0, instance:TestCases.HomePageTest@7ea9e1e2] output={null}]]]>
              </value>
            </param>
          </params>
          <reporter-output>
          </reporter-output>
        </test-method> <!-- exit -->
        <test-method is-config="true" signature="setup()[pri:0, instance:TestCases.HomePageTest@7ea9e1e2]" started-at="2022-11-06T13:05:54 IST" name="setup" finished-at="2022-11-06T13:06:06 IST" duration-ms="12353" status="PASS">
          <reporter-output>
          </reporter-output>
        </test-method> <!-- setup -->
        <test-method signature="verifytshirtcatgbtnTest()[pri:0, instance:TestCases.HomePageTest@7ea9e1e2]" started-at="2022-11-06T13:06:06 IST" name="verifytshirtcatgbtnTest" finished-at="2022-11-06T13:06:08 IST" duration-ms="2445" status="PASS">
          <reporter-output>
          </reporter-output>
        </test-method> <!-- verifytshirtcatgbtnTest -->
        <test-method is-config="true" signature="exit(org.testng.ITestResult)[pri:0, instance:TestCases.HomePageTest@7ea9e1e2]" started-at="2022-11-06T13:06:08 IST" name="exit" finished-at="2022-11-06T13:06:09 IST" duration-ms="88" status="PASS">
          <params>
            <param index="0">
              <value>
                <![CDATA[[TestResult name=verifytshirtcatgbtnTest status=SUCCESS method=HomePageTest.verifytshirtcatgbtnTest()[pri:0, instance:TestCases.HomePageTest@7ea9e1e2] output={null}]]]>
              </value>
            </param>
          </params>
          <reporter-output>
          </reporter-output>
        </test-method> <!-- exit -->
        <test-method is-config="true" signature="setup()[pri:0, instance:TestCases.HomePageTest@7ea9e1e2]" started-at="2022-11-06T13:06:09 IST" name="setup" finished-at="2022-11-06T13:06:21 IST" duration-ms="12649" status="PASS">
          <reporter-output>
          </reporter-output>
        </test-method> <!-- setup -->
        <test-method signature="verifywomenTshirtbtnTest()[pri:0, instance:TestCases.HomePageTest@7ea9e1e2]" started-at="2022-11-06T13:06:21 IST" name="verifywomenTshirtbtnTest" finished-at="2022-11-06T13:06:24 IST" duration-ms="2902" status="PASS">
          <reporter-output>
          </reporter-output>
        </test-method> <!-- verifywomenTshirtbtnTest -->
        <test-method is-config="true" signature="exit(org.testng.ITestResult)[pri:0, instance:TestCases.HomePageTest@7ea9e1e2]" started-at="2022-11-06T13:06:24 IST" name="exit" finished-at="2022-11-06T13:06:24 IST" duration-ms="303" status="PASS">
          <params>
            <param index="0">
              <value>
                <![CDATA[[TestResult name=verifywomenTshirtbtnTest status=SUCCESS method=HomePageTest.verifywomenTshirtbtnTest()[pri:0, instance:TestCases.HomePageTest@7ea9e1e2] output={null}]]]>
              </value>
            </param>
          </params>
          <reporter-output>
          </reporter-output>
        </test-method> <!-- exit -->
        <test-method is-config="true" signature="setup()[pri:0, instance:TestCases.HomePageTest@7ea9e1e2]" started-at="2022-11-06T13:06:24 IST" name="setup" finished-at="2022-11-06T13:06:40 IST" duration-ms="15164" status="PASS">
          <reporter-output>
          </reporter-output>
        </test-method> <!-- setup -->
        <test-method signature="verifywomenevendressbtnTest()[pri:0, instance:TestCases.HomePageTest@7ea9e1e2]" started-at="2022-11-06T13:06:40 IST" name="verifywomenevendressbtnTest" finished-at="2022-11-06T13:06:43 IST" duration-ms="3346" status="PASS">
          <reporter-output>
          </reporter-output>
        </test-method> <!-- verifywomenevendressbtnTest -->
        <test-method is-config="true" signature="exit(org.testng.ITestResult)[pri:0, instance:TestCases.HomePageTest@7ea9e1e2]" started-at="2022-11-06T13:06:43 IST" name="exit" finished-at="2022-11-06T13:06:43 IST" duration-ms="177" status="PASS">
          <params>
            <param index="0">
              <value>
                <![CDATA[[TestResult name=verifywomenevendressbtnTest status=SUCCESS method=HomePageTest.verifywomenevendressbtnTest()[pri:0, instance:TestCases.HomePageTest@7ea9e1e2] output={null}]]]>
              </value>
            </param>
          </params>
          <reporter-output>
          </reporter-output>
        </test-method> <!-- exit -->
      </class> <!-- TestCases.HomePageTest -->
      <class name="TestCases.LoginPageTest">
        <test-method is-config="true" signature="setup()[pri:0, instance:TestCases.LoginPageTest@24fcf36f]" started-at="2022-11-06T13:06:43 IST" name="setup" finished-at="2022-11-06T13:06:52 IST" duration-ms="9159" status="PASS">
          <reporter-output>
          </reporter-output>
        </test-method> <!-- setup -->
        <test-method signature="verifyloginfunctionalityTest()[pri:0, instance:TestCases.LoginPageTest@24fcf36f]" started-at="2022-11-06T13:06:52 IST" name="verifyloginfunctionalityTest" finished-at="2022-11-06T13:06:57 IST" duration-ms="4497" status="PASS">
          <reporter-output>
          </reporter-output>
        </test-method> <!-- verifyloginfunctionalityTest -->
        <test-method is-config="true" signature="exit(org.testng.ITestResult)[pri:0, instance:TestCases.LoginPageTest@24fcf36f]" started-at="2022-11-06T13:06:57 IST" name="exit" finished-at="2022-11-06T13:06:58 IST" duration-ms="1108" status="PASS">
          <params>
            <param index="0">
              <value>
                <![CDATA[[TestResult name=verifyloginfunctionalityTest status=SUCCESS method=LoginPageTest.verifyloginfunctionalityTest()[pri:0, instance:TestCases.LoginPageTest@24fcf36f] output={null}]]]>
              </value>
            </param>
          </params>
          <reporter-output>
          </reporter-output>
        </test-method> <!-- exit -->
      </class> <!-- TestCases.LoginPageTest -->
    </test> <!-- Test -->
  </suite> <!-- Suite -->
</testng-results>
